In file included from ../ext/bson.cc:14:0:
/home/ktorz/.node-gyp/0.11.12/deps/v8/include/v8.h: In member function ‘void v8::ReturnValue<T>::Set(uint32_t)’:
/home/ktorz/.node-gyp/0.11.12/deps/v8/include/v8.h:5816:31: warning: typedef ‘I’ locally defined but not used [-Wunused-local-typedefs]
   typedef internal::Internals I;
                               ^
In file included from ../ext/bson.h:17:0,
                 from ../ext/bson.cc:36:
../node_modules/nan/nan.h: In function ‘v8::Local<v8::Signature> NanNew(v8::Handle<v8::FunctionTemplate>, int, v8::Handle<v8::FunctionTemplate>*)’:
../node_modules/nan/nan.h:189:78: error: no matching function for call to ‘v8::Signature::New(v8::Isolate*&, v8::Handle<v8::FunctionTemplate>&, int&, v8::Handle<v8::FunctionTemplate>*&)’
     return v8::Signature::New(v8::Isolate::GetCurrent(), receiver, argc, argv);
                                                                              ^
../node_modules/nan/nan.h:189:78: note: candidate is:
In file included from ../ext/bson.cc:14:0:
/home/ktorz/.node-gyp/0.11.12/deps/v8/include/v8.h:3585:27: note: static v8::Local<v8::Signature> v8::Signature::New(v8::Handle<v8::FunctionTemplate>, int, v8::Handle<v8::FunctionTemplate>*)
   static Local<Signature> New(Handle<FunctionTemplate> receiver =
                           ^
/home/ktorz/.node-gyp/0.11.12/deps/v8/include/v8.h:3585:27: note:   candidate expects 3 arguments, 4 provided
In file included from ../ext/bson.h:17:0,
                 from ../ext/bson.cc:36:
../node_modules/nan/nan.h: In function ‘v8::Local<T> NanNew() [with T = v8::Array]’:
../node_modules/nan/nan.h:217:51: error: invalid conversion from ‘v8::Isolate*’ to ‘int’ [-fpermissive]
     return v8::Array::New(v8::Isolate::GetCurrent());
                                                   ^
In file included from ../ext/bson.cc:14:0:
/home/ktorz/.node-gyp/0.11.12/deps/v8/include/v8.h:2335:23: error:   initializing argument 1 of ‘static v8::Local<v8::Array> v8::Array::New(int)’ [-fpermissive]
   static Local<Array> New(int length = 0);
                       ^
In file included from ../ext/bson.h:17:0,
                 from ../ext/bson.cc:36:
../node_modules/nan/nan.h: In function ‘v8::Local<T> NanNew(P) [with T = v8::Array; P = int]’:
../node_modules/nan/nan.h:222:60: error: no matching function for call to ‘v8::Array::New(v8::Isolate*, int&)’
     return v8::Array::New(v8::Isolate::GetCurrent(), length);
                                                            ^
../node_modules/nan/nan.h:222:60: note: candidate is:
In file included from ../ext/bson.cc:14:0:
/home/ktorz/.node-gyp/0.11.12/deps/v8/include/v8.h:2335:23: note: static v8::Local<v8::Array> v8::Array::New(int)
   static Local<Array> New(int length = 0);
                       ^
/home/ktorz/.node-gyp/0.11.12/deps/v8/include/v8.h:2335:23: note:   candidate expects 1 argument, 2 provided
In file included from ../ext/bson.h:17:0,
                 from ../ext/bson.cc:36:
../node_modules/nan/nan.h: In function ‘v8::Local<T> NanNew(P) [with T = v8::Date; P = double]’:
../node_modules/nan/nan.h:227:57: error: no matching function for call to ‘v8::Date::New(v8::Isolate*, double&)’
     return v8::Date::New(v8::Isolate::GetCurrent(), time).As<v8::Date>();
                                                         ^
../node_modules/nan/nan.h:227:57: note: candidate is:
In file included from ../ext/bson.cc:14:0:
/home/ktorz/.node-gyp/0.11.12/deps/v8/include/v8.h:2866:23: note: static v8::Local<v8::Value> v8::Date::New(double)
   static Local<Value> New(double time);
                       ^
/home/ktorz/.node-gyp/0.11.12/deps/v8/include/v8.h:2866:23: note:   candidate expects 1 argument, 2 provided
In file included from ../ext/bson.h:17:0,
                 from ../ext/bson.cc:36:
../node_modules/nan/nan.h:227:70: error: expected primary-expression before ‘>’ token
     return v8::Date::New(v8::Isolate::GetCurrent(), time).As<v8::Date>();
                                                                      ^
../node_modules/nan/nan.h:227:72: error: expected primary-expression before ‘)’ token
     return v8::Date::New(v8::Isolate::GetCurrent(), time).As<v8::Date>();
                                                                        ^
../node_modules/nan/nan.h: In function ‘v8::Local<T> NanNew(P) [with T = v8::Date; P = int]’:
../node_modules/nan/nan.h:232:57: error: no matching function for call to ‘v8::Date::New(v8::Isolate*, int&)’
     return v8::Date::New(v8::Isolate::GetCurrent(), time).As<v8::Date>();
                                                         ^
../node_modules/nan/nan.h:232:57: note: candidate is:
In file included from ../ext/bson.cc:14:0:
/home/ktorz/.node-gyp/0.11.12/deps/v8/include/v8.h:2866:23: note: static v8::Local<v8::Value> v8::Date::New(double)
   static Local<Value> New(double time);
                       ^
/home/ktorz/.node-gyp/0.11.12/deps/v8/include/v8.h:2866:23: note:   candidate expects 1 argument, 2 provided
In file included from ../ext/bson.h:17:0,
                 from ../ext/bson.cc:36:
../node_modules/nan/nan.h:232:70: error: expected primary-expression before ‘>’ token
     return v8::Date::New(v8::Isolate::GetCurrent(), time).As<v8::Date>();
                                                                      ^
../node_modules/nan/nan.h:232:72: error: expected primary-expression before ‘)’ token
     return v8::Date::New(v8::Isolate::GetCurrent(), time).As<v8::Date>();
                                                                        ^
../node_modules/nan/nan.h: At global scope:
../node_modules/nan/nan.h:235:11: error: ‘UnboundScript’ in namespace ‘v8’ does not name a type
   typedef v8::UnboundScript NanUnboundScript;
           ^
../node_modules/nan/nan.h: In function ‘v8::Local<T> NanNew(P, const v8::ScriptOrigin&)’:
../node_modules/nan/nan.h:243:9: error: ‘v8::ScriptCompiler’ has not been declared
     v8::ScriptCompiler::Source source(s, origin);
         ^
../node_modules/nan/nan.h:243:32: error: expected ‘;’ before ‘source’
     v8::ScriptCompiler::Source source(s, origin);
                                ^
../node_modules/nan/nan.h:244:16: error: ‘v8::ScriptCompiler’ has not been declared
     return v8::ScriptCompiler::CompileUnbound(
                ^
../node_modules/nan/nan.h:245:37: error: ‘source’ was not declared in this scope
         v8::Isolate::GetCurrent(), &source);
                                     ^
../node_modules/nan/nan.h: At global scope:
../node_modules/nan/nan.h:249:24: error: ‘NanUnboundScript’ was not declared in this scope
   NAN_INLINE v8::Local<NanUnboundScript> NanNew<NanUnboundScript>(
                        ^
../node_modules/nan/nan.h:249:40: error: template argument 1 is invalid
   NAN_INLINE v8::Local<NanUnboundScript> NanNew<NanUnboundScript>(
                                        ^
../node_modules/nan/nan.h:249:49: error: ‘NanUnboundScript’ was not declared in this scope
   NAN_INLINE v8::Local<NanUnboundScript> NanNew<NanUnboundScript>(
                                                 ^
../node_modules/nan/nan.h:249:42: error: template-id ‘NanNew<<expression error> >’ for ‘int NanNew(v8::Local<v8::String>)’ does not match any template declaration
   NAN_INLINE v8::Local<NanUnboundScript> NanNew<NanUnboundScript>(
                                          ^
../node_modules/nan/nan.h: In function ‘v8::Local<T> NanNew(P) [with T = v8::NumberObject; P = double]’:
../node_modules/nan/nan.h:279:39: error: no matching function for call to ‘v8::NumberObject::New(v8::Isolate*, double&)’
         v8::Isolate::GetCurrent(), val).As<v8::NumberObject>();
                                       ^
../node_modules/nan/nan.h:279:39: note: candidate is:
In file included from ../ext/bson.cc:14:0:
/home/ktorz/.node-gyp/0.11.12/deps/v8/include/v8.h:2904:23: note: static v8::Local<v8::Value> v8::NumberObject::New(double)
   static Local<Value> New(double value);
                       ^
/home/ktorz/.node-gyp/0.11.12/deps/v8/include/v8.h:2904:23: note:   candidate expects 1 argument, 2 provided
In file included from ../ext/bson.h:17:0,
                 from ../ext/bson.cc:36:
../node_modules/nan/nan.h:279:60: error: expected primary-expression before ‘>’ token
         v8::Isolate::GetCurrent(), val).As<v8::NumberObject>();
                                                            ^
../node_modules/nan/nan.h:279:62: error: expected primary-expression before ‘)’ token
         v8::Isolate::GetCurrent(), val).As<v8::NumberObject>();
                                                              ^
../node_modules/nan/nan.h: In function ‘v8::Local<T> NanNew(P) [with T = v8::Uint32; P = int]’:
../node_modules/nan/nan.h:309:33: error: invalid conversion from ‘v8::Isolate*’ to ‘uint32_t {aka unsigned int}’ [-fpermissive]
         v8::Isolate::GetCurrent(), val)->ToUint32();
                                 ^
In file included from ../ext/bson.cc:14:0:
/home/ktorz/.node-gyp/0.11.12/deps/v8/include/v8.h:1965:25: error:   initializing argument 1 of ‘static v8::Local<v8::Integer> v8::Integer::NewFromUnsigned(uint32_t, v8::Isolate*)’ [-fpermissive]
   static Local<Integer> NewFromUnsigned(uint32_t value, Isolate*);
                         ^
In file included from ../ext/bson.h:17:0,
                 from ../ext/bson.cc:36:
../node_modules/nan/nan.h:309:39: error: invalid conversion from ‘int32_t {aka int}’ to ‘v8::Isolate*’ [-fpermissive]
         v8::Isolate::GetCurrent(), val)->ToUint32();
                                       ^
In file included from ../ext/bson.cc:14:0:
/home/ktorz/.node-gyp/0.11.12/deps/v8/include/v8.h:1965:25: error:   initializing argument 2 of ‘static v8::Local<v8::Integer> v8::Integer::NewFromUnsigned(uint32_t, v8::Isolate*)’ [-fpermissive]
   static Local<Integer> NewFromUnsigned(uint32_t value, Isolate*);
                         ^
In file included from ../ext/bson.h:17:0,
                 from ../ext/bson.cc:36:
../node_modules/nan/nan.h: In function ‘v8::Local<T> NanNew(P) [with T = v8::Uint32; P = unsigned int]’:
../node_modules/nan/nan.h:315:33: error: invalid conversion from ‘v8::Isolate*’ to ‘uint32_t {aka unsigned int}’ [-fpermissive]
         v8::Isolate::GetCurrent(), val)->ToUint32();
                                 ^
In file included from ../ext/bson.cc:14:0:
/home/ktorz/.node-gyp/0.11.12/deps/v8/include/v8.h:1965:25: error:   initializing argument 1 of ‘static v8::Local<v8::Integer> v8::Integer::NewFromUnsigned(uint32_t, v8::Isolate*)’ [-fpermissive]
   static Local<Integer> NewFromUnsigned(uint32_t value, Isolate*);
                         ^
In file included from ../ext/bson.h:17:0,
                 from ../ext/bson.cc:36:
../node_modules/nan/nan.h:315:39: error: invalid conversion from ‘uint32_t {aka unsigned int}’ to ‘v8::Isolate*’ [-fpermissive]
         v8::Isolate::GetCurrent(), val)->ToUint32();
                                       ^
In file included from ../ext/bson.cc:14:0:
/home/ktorz/.node-gyp/0.11.12/deps/v8/include/v8.h:1965:25: error:   initializing argument 2 of ‘static v8::Local<v8::Integer> v8::Integer::NewFromUnsigned(uint32_t, v8::Isolate*)’ [-fpermissive]
   static Local<Integer> NewFromUnsigned(uint32_t value, Isolate*);
                         ^
In file included from ../ext/bson.h:17:0,
                 from ../ext/bson.cc:36:
../node_modules/nan/nan.h: In function ‘v8::Local<T> NanNew(P) [with T = v8::Int32; P = int]’:
../node_modules/nan/nan.h:320:51: error: invalid conversion from ‘v8::Isolate*’ to ‘int32_t {aka int}’ [-fpermissive]
     return v8::Int32::New(v8::Isolate::GetCurrent(), val)->ToInt32();
                                                   ^
In file included from ../ext/bson.cc:14:0:
/home/ktorz/.node-gyp/0.11.12/deps/v8/include/v8.h:1964:25: error:   initializing argument 1 of ‘static v8::Local<v8::Integer> v8::Integer::New(int32_t, v8::Isolate*)’ [-fpermissive]
   static Local<Integer> New(int32_t value, Isolate*);
                         ^
In file included from ../ext/bson.h:17:0,
                 from ../ext/bson.cc:36:
../node_modules/nan/nan.h:320:57: error: invalid conversion from ‘int32_t {aka int}’ to ‘v8::Isolate*’ [-fpermissive]
     return v8::Int32::New(v8::Isolate::GetCurrent(), val)->ToInt32();
                                                         ^
In file included from ../ext/bson.cc:14:0:
/home/ktorz/.node-gyp/0.11.12/deps/v8/include/v8.h:1964:25: error:   initializing argument 2 of ‘static v8::Local<v8::Integer> v8::Integer::New(int32_t, v8::Isolate*)’ [-fpermissive]
   static Local<Integer> New(int32_t value, Isolate*);
                         ^
In file included from ../ext/bson.h:17:0,
                 from ../ext/bson.cc:36:
../node_modules/nan/nan.h: In function ‘v8::Local<T> NanNew(P) [with T = v8::Int32; P = unsigned int]’:
../node_modules/nan/nan.h:325:51: error: invalid conversion from ‘v8::Isolate*’ to ‘int32_t {aka int}’ [-fpermissive]
     return v8::Int32::New(v8::Isolate::GetCurrent(), val)->ToInt32();
                                                   ^
In file included from ../ext/bson.cc:14:0:
/home/ktorz/.node-gyp/0.11.12/deps/v8/include/v8.h:1964:25: error:   initializing argument 1 of ‘static v8::Local<v8::Integer> v8::Integer::New(int32_t, v8::Isolate*)’ [-fpermissive]
   static Local<Integer> New(int32_t value, Isolate*);
                         ^
In file included from ../ext/bson.h:17:0,
                 from ../ext/bson.cc:36:
../node_modules/nan/nan.h:325:57: error: invalid conversion from ‘uint32_t {aka unsigned int}’ to ‘v8::Isolate*’ [-fpermissive]
     return v8::Int32::New(v8::Isolate::GetCurrent(), val)->ToInt32();
                                                         ^
In file included from ../ext/bson.cc:14:0:
/home/ktorz/.node-gyp/0.11.12/deps/v8/include/v8.h:1964:25: error:   initializing argument 2 of ‘static v8::Local<v8::Integer> v8::Integer::New(int32_t, v8::Isolate*)’ [-fpermissive]
   static Local<Integer> New(int32_t value, Isolate*);
                         ^
In file included from ../ext/bson.h:17:0,
                 from ../ext/bson.cc:36:
../node_modules/nan/nan.h: In function ‘v8::Local<v8::String> NanNew(v8::String::ExternalStringResource*)’:
../node_modules/nan/nan.h:477:71: error: no matching function for call to ‘v8::String::NewExternal(v8::Isolate*, v8::String::ExternalStringResource*&)’
     return v8::String::NewExternal(v8::Isolate::GetCurrent(), resource);
                                                                       ^
../node_modules/nan/nan.h:477:71: note: candidates are:
In file included from ../ext/bson.cc:14:0:
/home/ktorz/.node-gyp/0.11.12/deps/v8/include/v8.h:1791:24: note: static v8::Local<v8::String> v8::String::NewExternal(v8::String::ExternalStringResource*)
   static Local<String> NewExternal(ExternalStringResource* resource);
                        ^
/home/ktorz/.node-gyp/0.11.12/deps/v8/include/v8.h:1791:24: note:   candidate expects 1 argument, 2 provided
/home/ktorz/.node-gyp/0.11.12/deps/v8/include/v8.h:1812:24: note: static v8::Local<v8::String> v8::String::NewExternal(v8::String::ExternalAsciiStringResource*)
   static Local<String> NewExternal(ExternalAsciiStringResource* resource);
                        ^
/home/ktorz/.node-gyp/0.11.12/deps/v8/include/v8.h:1812:24: note:   candidate expects 1 argument, 2 provided
In file included from ../ext/bson.h:17:0,
                 from ../ext/bson.cc:36:
../node_modules/nan/nan.h: In function ‘v8::Local<v8::String> NanNew(v8::String::ExternalAsciiStringResource*)’:
../node_modules/nan/nan.h:482:71: error: no matching function for call to ‘v8::String::NewExternal(v8::Isolate*, v8::String::ExternalAsciiStringResource*&)’
     return v8::String::NewExternal(v8::Isolate::GetCurrent(), resource);
                                                                       ^
../node_modules/nan/nan.h:482:71: note: candidates are:
In file included from ../ext/bson.cc:14:0:
/home/ktorz/.node-gyp/0.11.12/deps/v8/include/v8.h:1791:24: note: static v8::Local<v8::String> v8::String::NewExternal(v8::String::ExternalStringResource*)
   static Local<String> NewExternal(ExternalStringResource* resource);
                        ^
/home/ktorz/.node-gyp/0.11.12/deps/v8/include/v8.h:1791:24: note:   candidate expects 1 argument, 2 provided
/home/ktorz/.node-gyp/0.11.12/deps/v8/include/v8.h:1812:24: note: static v8::Local<v8::String> v8::String::NewExternal(v8::String::ExternalAsciiStringResource*)
   static Local<String> NewExternal(ExternalAsciiStringResource* resource);
                        ^
/home/ktorz/.node-gyp/0.11.12/deps/v8/include/v8.h:1812:24: note:   candidate expects 1 argument, 2 provided
In file included from ../ext/bson.h:17:0,
                 from ../ext/bson.cc:36:
../node_modules/nan/nan.h: In function ‘void NanSetTemplate(v8::Handle<v8::Template>, const char*, v8::Handle<v8::Data>)’:
../node_modules/nan/nan.h:538:54: error: no matching function for call to ‘v8::Template::Set(v8::Isolate*, const char*&, v8::Handle<v8::Data>&)’
     templ->Set(v8::Isolate::GetCurrent(), name, value);
                                                      ^
../node_modules/nan/nan.h:538:54: note: candidates are:
In file included from ../ext/bson.cc:14:0:
/home/ktorz/.node-gyp/0.11.12/deps/v8/include/v8.h:3062:8: note: void v8::Template::Set(v8::Handle<v8::String>, v8::Handle<v8::Data>, v8::PropertyAttribute)
   void Set(Handle<String> name, Handle<Data> value,
        ^
/home/ktorz/.node-gyp/0.11.12/deps/v8/include/v8.h:3062:8: note:   no known conversion for argument 1 from ‘v8::Isolate*’ to ‘v8::Handle<v8::String>’
/home/ktorz/.node-gyp/0.11.12/deps/v8/include/v8.h:5973:6: note: void v8::Template::Set(const char*, v8::Handle<v8::Data>)
 void Template::Set(const char* name, v8::Handle<Data> value) {
      ^
/home/ktorz/.node-gyp/0.11.12/deps/v8/include/v8.h:5973:6: note:   candidate expects 2 arguments, 3 provided
In file included from ../ext/bson.h:17:0,
                 from ../ext/bson.cc:36:
../node_modules/nan/nan.h: In function ‘v8::Local<v8::Script> NanCompileScript(v8::Local<v8::String>, const v8::ScriptOrigin&)’:
../node_modules/nan/nan.h:803:9: error: ‘v8::ScriptCompiler’ has not been declared
     v8::ScriptCompiler::Source source(s, origin);
         ^
../node_modules/nan/nan.h:803:32: error: expected ‘;’ before ‘source’
     v8::ScriptCompiler::Source source(s, origin);
                                ^
../node_modules/nan/nan.h:804:16: error: ‘v8::ScriptCompiler’ has not been declared
     return v8::ScriptCompiler::Compile(v8::Isolate::GetCurrent(), &source);
                ^
../node_modules/nan/nan.h:804:68: error: ‘source’ was not declared in this scope
     return v8::ScriptCompiler::Compile(v8::Isolate::GetCurrent(), &source);
                                                                    ^
../node_modules/nan/nan.h: In function ‘v8::Local<v8::Script> NanCompileScript(v8::Local<v8::String>)’:
../node_modules/nan/nan.h:810:9: error: ‘v8::ScriptCompiler’ has not been declared
     v8::ScriptCompiler::Source source(s);
         ^
../node_modules/nan/nan.h:810:32: error: expected ‘;’ before ‘source’
     v8::ScriptCompiler::Source source(s);
                                ^
../node_modules/nan/nan.h:811:16: error: ‘v8::ScriptCompiler’ has not been declared
     return v8::ScriptCompiler::Compile(v8::Isolate::GetCurrent(), &source);
                ^
../node_modules/nan/nan.h:811:68: error: ‘source’ was not declared in this scope
     return v8::ScriptCompiler::Compile(v8::Isolate::GetCurrent(), &source);
                                                                    ^
../node_modules/nan/nan.h: At global scope:
../node_modules/nan/nan.h:815:18: error: ‘NanUnboundScript’ was not declared in this scope
       v8::Handle<NanUnboundScript> script
                  ^
../node_modules/nan/nan.h:815:34: error: template argument 1 is invalid
       v8::Handle<NanUnboundScript> script
                                  ^
../node_modules/nan/nan.h: In function ‘v8::Local<v8::Value> NanRunScript(int)’:
../node_modules/nan/nan.h:817:18: error: base operand of ‘->’ is not a pointer
     return script->BindToCurrentContext()->Run();
                  ^
../node_modules/nan/nan.h: In function ‘v8::Local<v8::Value> NanMakeCallback(v8::Handle<v8::Object>, v8::Handle<v8::Function>, int, v8::Handle<v8::Value>*)’:
../node_modules/nan/nan.h:832:60: error: no matching function for call to ‘MakeCallback(v8::Isolate*, v8::Handle<v8::Object>&, v8::Handle<v8::Function>&, int&, v8::Handle<v8::Value>*&)’
         v8::Isolate::GetCurrent(), target, func, argc, argv));
                                                            ^
../node_modules/nan/nan.h:832:60: note: candidates are:
In file included from ../ext/bson.cc:22:0:
/home/ktorz/.node-gyp/0.11.12/src/node.h:116:35: note: v8::Handle<v8::Value> node::MakeCallback(v8::Handle<v8::Object>, const char*, int, v8::Handle<v8::Value>*)
 NODE_EXTERN v8::Handle<v8::Value> MakeCallback(
                                   ^
/home/ktorz/.node-gyp/0.11.12/src/node.h:116:35: note:   candidate expects 4 arguments, 5 provided
/home/ktorz/.node-gyp/0.11.12/src/node.h:121:35: note: v8::Handle<v8::Value> node::MakeCallback(v8::Handle<v8::Object>, v8::Handle<v8::String>, int, v8::Handle<v8::Value>*)
 NODE_EXTERN v8::Handle<v8::Value> MakeCallback(
                                   ^
/home/ktorz/.node-gyp/0.11.12/src/node.h:121:35: note:   candidate expects 4 arguments, 5 provided
/home/ktorz/.node-gyp/0.11.12/src/node.h:126:35: note: v8::Handle<v8::Value> node::MakeCallback(v8::Handle<v8::Object>, v8::Handle<v8::Function>, int, v8::Handle<v8::Value>*)
 NODE_EXTERN v8::Handle<v8::Value> MakeCallback(
                                   ^
/home/ktorz/.node-gyp/0.11.12/src/node.h:126:35: note:   candidate expects 4 arguments, 5 provided
In file included from ../ext/bson.h:17:0,
                 from ../ext/bson.cc:36:
../node_modules/nan/nan.h: In function ‘v8::Local<v8::Value> NanMakeCallback(v8::Handle<v8::Object>, v8::Handle<v8::String>, int, v8::Handle<v8::Value>*)’:
../node_modules/nan/nan.h:841:62: error: no matching function for call to ‘MakeCallback(v8::Isolate*, v8::Handle<v8::Object>&, v8::Handle<v8::String>&, int&, v8::Handle<v8::Value>*&)’
         v8::Isolate::GetCurrent(), target, symbol, argc, argv));
                                                              ^
../node_modules/nan/nan.h:841:62: note: candidates are:
In file included from ../ext/bson.cc:22:0:
/home/ktorz/.node-gyp/0.11.12/src/node.h:116:35: note: v8::Handle<v8::Value> node::MakeCallback(v8::Handle<v8::Object>, const char*, int, v8::Handle<v8::Value>*)
 NODE_EXTERN v8::Handle<v8::Value> MakeCallback(
                                   ^
/home/ktorz/.node-gyp/0.11.12/src/node.h:116:35: note:   candidate expects 4 arguments, 5 provided
/home/ktorz/.node-gyp/0.11.12/src/node.h:121:35: note: v8::Handle<v8::Value> node::MakeCallback(v8::Handle<v8::Object>, v8::Handle<v8::String>, int, v8::Handle<v8::Value>*)
 NODE_EXTERN v8::Handle<v8::Value> MakeCallback(
                                   ^
/home/ktorz/.node-gyp/0.11.12/src/node.h:121:35: note:   candidate expects 4 arguments, 5 provided
/home/ktorz/.node-gyp/0.11.12/src/node.h:126:35: note: v8::Handle<v8::Value> node::MakeCallback(v8::Handle<v8::Object>, v8::Handle<v8::Function>, int, v8::Handle<v8::Value>*)
 NODE_EXTERN v8::Handle<v8::Value> MakeCallback(
                                   ^
/home/ktorz/.node-gyp/0.11.12/src/node.h:126:35: note:   candidate expects 4 arguments, 5 provided
In file included from ../ext/bson.h:17:0,
                 from ../ext/bson.cc:36:
../node_modules/nan/nan.h: In function ‘v8::Local<v8::Value> NanMakeCallback(v8::Handle<v8::Object>, const char*, int, v8::Handle<v8::Value>*)’:
../node_modules/nan/nan.h:850:62: error: no matching function for call to ‘MakeCallback(v8::Isolate*, v8::Handle<v8::Object>&, const char*&, int&, v8::Handle<v8::Value>*&)’
         v8::Isolate::GetCurrent(), target, method, argc, argv));
                                                              ^
../node_modules/nan/nan.h:850:62: note: candidates are:
In file included from ../ext/bson.cc:22:0:
/home/ktorz/.node-gyp/0.11.12/src/node.h:116:35: note: v8::Handle<v8::Value> node::MakeCallback(v8::Handle<v8::Object>, const char*, int, v8::Handle<v8::Value>*)
 NODE_EXTERN v8::Handle<v8::Value> MakeCallback(
                                   ^
/home/ktorz/.node-gyp/0.11.12/src/node.h:116:35: note:   candidate expects 4 arguments, 5 provided
/home/ktorz/.node-gyp/0.11.12/src/node.h:121:35: note: v8::Handle<v8::Value> node::MakeCallback(v8::Handle<v8::Object>, v8::Handle<v8::String>, int, v8::Handle<v8::Value>*)
 NODE_EXTERN v8::Handle<v8::Value> MakeCallback(
                                   ^
/home/ktorz/.node-gyp/0.11.12/src/node.h:121:35: note:   candidate expects 4 arguments, 5 provided
/home/ktorz/.node-gyp/0.11.12/src/node.h:126:35: note: v8::Handle<v8::Value> node::MakeCallback(v8::Handle<v8::Object>, v8::Handle<v8::Function>, int, v8::Handle<v8::Value>*)
 NODE_EXTERN v8::Handle<v8::Value> MakeCallback(
                                   ^
/home/ktorz/.node-gyp/0.11.12/src/node.h:126:35: note:   candidate expects 4 arguments, 5 provided
In file included from ../ext/bson.h:17:0,
                 from ../ext/bson.cc:36:
../node_modules/nan/nan.h: In function ‘T* NanGetIsolateData(v8::Isolate*)’:
../node_modules/nan/nan.h:865:48: error: no matching function for call to ‘v8::Isolate::GetData(int)’
       return static_cast<T*>(isolate->GetData(0));
                                                ^
../node_modules/nan/nan.h:865:48: note: candidate is:
In file included from ../ext/bson.cc:14:0:
/home/ktorz/.node-gyp/0.11.12/deps/v8/include/v8.h:6432:7: note: void* v8::Isolate::GetData()
 void* Isolate::GetData() {
       ^
/home/ktorz/.node-gyp/0.11.12/deps/v8/include/v8.h:6432:7: note:   candidate expects 0 arguments, 1 provided
In file included from ../ext/bson.h:17:0,
                 from ../ext/bson.cc:36:
../node_modules/nan/nan.h: In member function ‘v8::Handle<v8::Value> NanCallback::Call(int, v8::Handle<v8::Value>*) const’:
../node_modules/nan/nan.h:1830:5: error: no matching function for call to ‘MakeCallback(v8::Isolate*&, v8::Local<v8::Object>, v8::Local<v8::Function>&, int&, v8::Handle<v8::Value>*&)’
     ));
     ^
../node_modules/nan/nan.h:499:65: note: in definition of macro ‘NanEscapeScope’
 # define NanEscapeScope(val) scope.Escape(_NanEscapeScopeHelper(val))
                                                                 ^
../node_modules/nan/nan.h:1830:5: note: candidates are:
     ));
     ^
../node_modules/nan/nan.h:499:65: note: in definition of macro ‘NanEscapeScope’
 # define NanEscapeScope(val) scope.Escape(_NanEscapeScopeHelper(val))
                                                                 ^
In file included from ../ext/bson.cc:22:0:
/home/ktorz/.node-gyp/0.11.12/src/node.h:116:35: note: v8::Handle<v8::Value> node::MakeCallback(v8::Handle<v8::Object>, const char*, int, v8::Handle<v8::Value>*)
 NODE_EXTERN v8::Handle<v8::Value> MakeCallback(
                                   ^
/home/ktorz/.node-gyp/0.11.12/src/node.h:116:35: note:   candidate expects 4 arguments, 5 provided
/home/ktorz/.node-gyp/0.11.12/src/node.h:121:35: note: v8::Handle<v8::Value> node::MakeCallback(v8::Handle<v8::Object>, v8::Handle<v8::String>, int, v8::Handle<v8::Value>*)
 NODE_EXTERN v8::Handle<v8::Value> MakeCallback(
                                   ^
/home/ktorz/.node-gyp/0.11.12/src/node.h:121:35: note:   candidate expects 4 arguments, 5 provided
/home/ktorz/.node-gyp/0.11.12/src/node.h:126:35: note: v8::Handle<v8::Value> node::MakeCallback(v8::Handle<v8::Object>, v8::Handle<v8::Function>, int, v8::Handle<v8::Value>*)
 NODE_EXTERN v8::Handle<v8::Value> MakeCallback(
                                   ^
/home/ktorz/.node-gyp/0.11.12/src/node.h:126:35: note:   candidate expects 4 arguments, 5 provided
In file included from ../ext/bson.h:17:0,
                 from ../ext/bson.cc:36:
../node_modules/nan/nan.h: In instantiation of ‘v8::Local<T> NanNew(P) [with T = v8::Integer; P = int]’:
../node_modules/nan/nan.h:464:35:   required from here
../node_modules/nan/nan.h:181:43: error: invalid conversion from ‘v8::Isolate*’ to ‘int32_t {aka int}’ [-fpermissive]
     return T::New(v8::Isolate::GetCurrent(), arg1);
                                           ^
In file included from ../ext/bson.cc:14:0:
/home/ktorz/.node-gyp/0.11.12/deps/v8/include/v8.h:1964:25: error:   initializing argument 1 of ‘static v8::Local<v8::Integer> v8::Integer::New(int32_t, v8::Isolate*)’ [-fpermissive]
   static Local<Integer> New(int32_t value, Isolate*);
                         ^
In file included from ../ext/bson.h:17:0,
                 from ../ext/bson.cc:36:
../node_modules/nan/nan.h:181:50: error: invalid conversion from ‘int’ to ‘v8::Isolate*’ [-fpermissive]
     return T::New(v8::Isolate::GetCurrent(), arg1);
                                                  ^
In file included from ../ext/bson.cc:14:0:
/home/ktorz/.node-gyp/0.11.12/deps/v8/include/v8.h:1964:25: error:   initializing argument 2 of ‘static v8::Local<v8::Integer> v8::Integer::New(int32_t, v8::Isolate*)’ [-fpermissive]
   static Local<Integer> New(int32_t value, Isolate*);
                         ^
In file included from ../ext/bson.h:17:0,
                 from ../ext/bson.cc:36:
../node_modules/nan/nan.h: In instantiation of ‘v8::Local<T> NanNew(P) [with T = v8::Boolean; P = bool]’:
../node_modules/nan/nan.h:472:35:   required from here
../node_modules/nan/nan.h:181:50: error: no matching function for call to ‘v8::Boolean::New(v8::Isolate*, bool&)’
     return T::New(v8::Isolate::GetCurrent(), arg1);
                                                  ^
../node_modules/nan/nan.h:181:50: note: candidate is:
In file included from ../ext/bson.cc:14:0:
/home/ktorz/.node-gyp/0.11.12/deps/v8/include/v8.h:5967:17: note: static v8::Handle<v8::Boolean> v8::Boolean::New(bool)
 Handle<Boolean> Boolean::New(bool value) {
                 ^
/home/ktorz/.node-gyp/0.11.12/deps/v8/include/v8.h:5967:17: note:   candidate expects 1 argument, 2 provided
In file included from ../ext/bson.h:17:0,
                 from ../ext/bson.cc:36:
../node_modules/nan/nan.h: In instantiation of ‘v8::Local<T> NanNew() [with T = v8::Object]’:
../node_modules/nan/nan.h:1786:52:   required from here
../node_modules/nan/nan.h:176:44: error: no matching function for call to ‘v8::Object::New(v8::Isolate*)’
     return T::New(v8::Isolate::GetCurrent());
                                            ^
../node_modules/nan/nan.h:176:44: note: candidate is:
In file included from ../ext/bson.cc:14:0:
/home/ktorz/.node-gyp/0.11.12/deps/v8/include/v8.h:2307:24: note: static v8::Local<v8::Object> v8::Object::New()
   static Local<Object> New();
                        ^
/home/ktorz/.node-gyp/0.11.12/deps/v8/include/v8.h:2307:24: note:   candidate expects 0 arguments, 1 provided
In file included from ../ext/bson.h:17:0,
                 from ../ext/bson.cc:36:
../node_modules/nan/nan.h: In instantiation of ‘v8::Local<v8::FunctionTemplate> NanNew(NanFunctionCallback, v8::Handle<v8::Value>, v8::Handle<v8::Signature>) [with T = v8::FunctionTemplate; NanFunctionCallback = void (*)(const v8::FunctionCallbackInfo<v8::Value>&)]’:
../ext/bson.cc:668:58:   required from here
../node_modules/nan/nan.h:197:71: error: no matching function for call to ‘v8::FunctionTemplate::New(v8::Isolate*, void (*&)(const v8::FunctionCallbackInfo<v8::Value>&), v8::Handle<v8::Value>&, v8::Handle<v8::Signature>&)’
     return T::New(v8::Isolate::GetCurrent(), callback, data, signature);
                                                                       ^
../node_modules/nan/nan.h:197:71: note: candidate is:
In file included from ../ext/bson.cc:14:0:
/home/ktorz/.node-gyp/0.11.12/deps/v8/include/v8.h:3346:34: note: static v8::Local<v8::FunctionTemplate> v8::FunctionTemplate::New(v8::FunctionCallback, v8::Handle<v8::Value>, v8::Handle<v8::Signature>, int)
   static Local<FunctionTemplate> New(
                                  ^
/home/ktorz/.node-gyp/0.11.12/deps/v8/include/v8.h:3346:34: note:   no known conversion for argument 1 from ‘v8::Isolate*’ to ‘v8::FunctionCallback {aka void (*)(const v8::FunctionCallbackInfo<v8::Value>&)}’
In file included from ../ext/bson.h:17:0,
                 from ../ext/bson.cc:36:
../node_modules/nan/nan.h:1848:3: warning: control reaches end of non-void function [-Wreturn-type]
   }
   ^
../node_modules/nan/nan.h: In function ‘v8::Local<T> NanNew() [with T = v8::Object]’:
../node_modules/nan/nan.h:177:3: warning: control reaches end of non-void function [-Wreturn-type]
   }
   ^
../node_modules/nan/nan.h: In function ‘v8::Local<T> NanNew(P) [with T = v8::Date; P = double]’:
../node_modules/nan/nan.h:228:3: warning: control reaches end of non-void function [-Wreturn-type]
   }
   ^
../node_modules/nan/nan.h: In function ‘v8::Local<v8::FunctionTemplate> NanNew(NanFunctionCallback, v8::Handle<v8::Value>, v8::Handle<v8::Signature>) [with T = v8::FunctionTemplate; NanFunctionCallback = void (*)(const v8::FunctionCallbackInfo<v8::Value>&)]’:
../node_modules/nan/nan.h:198:3: warning: control reaches end of non-void function [-Wreturn-type]
   }
   ^
make: *** [Release/obj.target/bson/ext/bson.o] Erreur 1
gyp ERR! build error 
gyp ERR! stack Error: `make` failed with exit code: 2
gyp ERR! stack     at ChildProcess.onExit (/usr/local/lib/node_modules/npm/node_modules/node-gyp/lib/build.js:267:23)
gyp ERR! stack     at ChildProcess.EventEmitter.emit (events.js:107:17)
gyp ERR! stack     at Process.ChildProcess._handle.onexit (child_process.js:1045:12)
gyp ERR! System Linux 3.11.0-19-generic
gyp ERR! command "node" "/usr/local/lib/node_modules/npm/node_modules/node-gyp/bin/node-gyp.js" "rebuild"
gyp ERR! cwd /home/ktorz/Documents/mastodon/node_modules/mongoose/node_modules/mongodb/node_modules/bson
gyp ERR! node -v v0.11.12
gyp ERR! node-gyp -v v0.12.2
gyp ERR! not ok 
